This is pdfTeX, Version 3.141592653-2.6-1.40.22 (TeX Live 2021/W32TeX) (preloaded format=pdflatex 2022.1.3)  2 MAY 2022 21:34
entering extended mode
 restricted \write18 enabled.
 file:line:error style messages enabled.
 %&-line parsing enabled.
**final_report
(./final_report.tex
LaTeX2e <2020-10-01> patch level 4
L3 programming layer <2021-02-18>
\@input{command.aux}
\openout2 = `command.aux'.

(./command.tex (d:/texlive/2021/texmf-dist/tex/latex/base/article.cls
Document Class: article 2020/04/10 v1.4m Standard LaTeX document class
(d:/texlive/2021/texmf-dist/tex/latex/base/size11.clo
File: size11.clo 2020/04/10 v1.4m Standard LaTeX file (size option)
)
\c@part=\count179
\c@section=\count180
\c@subsection=\count181
\c@subsubsection=\count182
\c@paragraph=\count183
\c@subparagraph=\count184
\c@figure=\count185
\c@table=\count186
\abovecaptionskip=\skip47
\belowcaptionskip=\skip48
\bibindent=\dimen138
) (d:/texlive/2021/texmf-dist/tex/latex/abstract/abstract.sty
Package: abstract 2009/06/08 v1.2a configurable abstracts
\abstitleskip=\skip49
\absleftindent=\skip50
\absrightindent=\skip51
\absparindent=\skip52
\absparsep=\skip53
) (d:/texlive/2021/texmf-dist/tex/latex/diagbox/diagbox.sty
Package: diagbox 2020/02/09 v2.3 Making table heads with diagonal lines
 (d:/texlive/2021/texmf-dist/tex/latex/graphics/keyval.sty
Package: keyval 2014/10/28 v1.15 key=value parser (DPC)
\KV@toks@=\toks15
) (d:/texlive/2021/texmf-dist/tex/latex/pict2e/pict2e.sty
Package: pict2e 2020/09/30 v0.4b Improved picture commands (HjG,RN,JT)
 (d:/texlive/2021/texmf-dist/tex/latex/pict2e/pict2e.cfg
File: pict2e.cfg 2016/02/05 v0.1u pict2e configuration for teTeX/TeXLive
)
Package pict2e Info: Driver file: pdftex.def on input line 112.
 (d:/texlive/2021/texmf-dist/tex/latex/graphics-def/pdftex.def
File: pdftex.def 2020/10/05 v1.2a Graphics/color driver for pdftex
)
Package pict2e Info: Driver file for pict2e: p2e-pdftex.def on input line 114.
 (d:/texlive/2021/texmf-dist/tex/latex/pict2e/p2e-pdftex.def
File: p2e-pdftex.def 2016/02/05 v0.1u Driver-dependant file (RN,HjG,JT)
) (d:/texlive/2021/texmf-dist/tex/latex/graphics/trig.sty
Package: trig 2016/01/03 v1.10 sin cos tan (DPC)
)
\pIIe@GRAPH=\toks16
\@arclen=\dimen139
\@arcrad=\dimen140
\pIIe@tempdima=\dimen141
\pIIe@tempdimb=\dimen142
\pIIe@tempdimc=\dimen143
\pIIe@tempdimd=\dimen144
\pIIe@tempdime=\dimen145
\pIIe@tempdimf=\dimen146
) (d:/texlive/2021/texmf-dist/tex/latex/tools/calc.sty
Package: calc 2017/05/25 v4.3 Infix arithmetic (KKT,FJ)
\calc@Acount=\count187
\calc@Bcount=\count188
\calc@Adimen=\dimen147
\calc@Bdimen=\dimen148
\calc@Askip=\skip54
\calc@Bskip=\skip55
LaTeX Info: Redefining \setlength on input line 80.
LaTeX Info: Redefining \addtolength on input line 81.
\calc@Ccount=\count189
\calc@Cskip=\skip56
) (d:/texlive/2021/texmf-dist/tex/latex/tools/array.sty
Package: array 2020/10/01 v2.5c Tabular extension package (FMi)
\col@sep=\dimen149
\ar@mcellbox=\box47
\extrarowheight=\dimen150
\NC@list=\toks17
\extratabsurround=\skip57
\backup@length=\skip58
\ar@cellbox=\box48
)
\diagbox@boxa=\box49
\diagbox@boxb=\box50
\diagbox@boxm=\box51
\diagbox@wd=\dimen151
\diagbox@ht=\dimen152
\diagbox@insepl=\dimen153
\diagbox@insepr=\dimen154
\diagbox@outsepl=\dimen155
\diagbox@outsepr=\dimen156
) (d:/texlive/2021/texmf-dist/tex/latex/algorithm2e/algorithm2e.sty
Package: algorithm2e 2017/07/18 v5.2 algorithms environments
\c@AlgoLine=\count190
 (d:/texlive/2021/texmf-dist/tex/latex/base/ifthen.sty
Package: ifthen 2014/09/29 v1.1c Standard LaTeX ifthen package (DPC)
)
\algocf@hangindent=\skip59
 (d:/texlive/2021/texmf-dist/tex/latex/ifoddpage/ifoddpage.sty
Package: ifoddpage 2016/04/23 v1.1 Conditionals for odd/even page detection
\c@checkoddpage=\count191
) (d:/texlive/2021/texmf-dist/tex/latex/tools/xspace.sty
Package: xspace 2014/10/28 v1.13 Space after command names (DPC,MH)
) (d:/texlive/2021/texmf-dist/tex/latex/relsize/relsize.sty
Package: relsize 2013/03/29 ver 4.1
)
\skiptotal=\skip60
\skiplinenumber=\skip61
\skiprule=\skip62
\skiphlne=\skip63
\skiptext=\skip64
\skiplength=\skip65
\algomargin=\skip66
\skipalgocfslide=\skip67
\algowidth=\dimen157
\inoutsize=\dimen158
\inoutindent=\dimen159
\interspacetitleruled=\dimen160
\interspacealgoruled=\dimen161
\interspacetitleboxruled=\dimen162
\algocf@ruledwidth=\skip68
\algocf@inoutbox=\box52
\algocf@inputbox=\box53
\AlCapSkip=\skip69
\AlCapHSkip=\skip70
\algoskipindent=\skip71
\algocf@nlbox=\box54
\algocf@hangingbox=\box55
\algocf@untilbox=\box56
\algocf@skipuntil=\skip72
\algocf@capbox=\box57
\algocf@lcaptionbox=\skip73
\algoheightruledefault=\skip74
\algoheightrule=\skip75
\algotitleheightruledefault=\skip76
\algotitleheightrule=\skip77
\c@algocfline=\count192
\c@algocfproc=\count193
\c@algocf=\count194
\algocf@algoframe=\box58
\algocf@algobox=\box59
) (d:/texlive/2021/texmf-dist/tex/latex/listings/listings.sty
\lst@mode=\count195
\lst@gtempboxa=\box60
\lst@token=\toks18
\lst@length=\count196
\lst@currlwidth=\dimen163
\lst@column=\count197
\lst@pos=\count198
\lst@lostspace=\dimen164
\lst@width=\dimen165
\lst@newlines=\count199
\lst@lineno=\count266
\lst@maxwidth=\dimen166
 (d:/texlive/2021/texmf-dist/tex/latex/listings/lstmisc.sty
File: lstmisc.sty 2020/03/24 1.8d (Carsten Heinz)
\c@lstnumber=\count267
\lst@skipnumbers=\count268
\lst@framebox=\box61
) (d:/texlive/2021/texmf-dist/tex/latex/listings/listings.cfg
File: listings.cfg 2020/03/24 1.8d listings configuration
))
Package: listings 2020/03/24 1.8d (Carsten Heinz)
 (d:/texlive/2021/texmf-dist/tex/latex/graphics/color.sty
Package: color 2020/02/24 v1.2b Standard LaTeX Color (DPC)
 (d:/texlive/2021/texmf-dist/tex/latex/graphics-cfg/color.cfg
File: color.cfg 2016/01/02 v1.6 sample color configuration
)
Package color Info: Driver file: pdftex.def on input line 147.
) (d:/texlive/2021/texmf-dist/tex/latex/listings/lstlang1.sty
File: lstlang1.sty 2020/03/24 1.8d listings language file
) (d:/texlive/2021/texmf-dist/tex/latex/tools/tabularx.sty
Package: tabularx 2020/01/15 v2.11c `tabularx' package (DPC)
\TX@col@width=\dimen167
\TX@old@table=\dimen168
\TX@old@col=\dimen169
\TX@target=\dimen170
\TX@delta=\dimen171
\TX@cols=\count269
\TX@ftn=\toks19
) (d:/texlive/2021/texmf-dist/tex/latex/graphics/graphicx.sty
Package: graphicx 2020/09/09 v1.2b Enhanced LaTeX Graphics (DPC,SPQR)
 (d:/texlive/2021/texmf-dist/tex/latex/graphics/graphics.sty
Package: graphics 2020/08/30 v1.4c Standard LaTeX Graphics (DPC,SPQR)
 (d:/texlive/2021/texmf-dist/tex/latex/graphics-cfg/graphics.cfg
File: graphics.cfg 2016/06/04 v1.11 sample graphics configuration
)
Package graphics Info: Driver file: pdftex.def on input line 105.
)
\Gin@req@height=\dimen172
\Gin@req@width=\dimen173
) (d:/texlive/2021/texmf-dist/tex/latex/booktabs/booktabs.sty
Package: booktabs 2020/01/12 v1.61803398 Publication quality tables
\heavyrulewidth=\dimen174
\lightrulewidth=\dimen175
\cmidrulewidth=\dimen176
\belowrulesep=\dimen177
\belowbottomsep=\dimen178
\aboverulesep=\dimen179
\abovetopsep=\dimen180
\cmidrulesep=\dimen181
\cmidrulekern=\dimen182
\defaultaddspace=\dimen183
\@cmidla=\count270
\@cmidlb=\count271
\@aboverulesep=\dimen184
\@belowrulesep=\dimen185
\@thisruleclass=\count272
\@lastruleclass=\count273
\@thisrulewidth=\dimen186
) (d:/texlive/2021/texmf-dist/tex/latex/makecell/makecell.sty
Package: makecell 2009/08/03 V0.1e Managing of Tab Column Heads and Cells
\rotheadsize=\dimen187
\c@nlinenum=\count274
\TeXr@lab=\toks20
) (d:/texlive/2021/texmf-dist/tex/latex/float/float.sty
Package: float 2001/11/08 v1.3d Float enhancements (AL)
\c@float@type=\count275
\float@exts=\toks21
\float@box=\box62
\@float@everytoks=\toks22
\@floatcapt=\box63
) (d:/texlive/2021/texmf-dist/tex/latex/geometry/geometry.sty
Package: geometry 2020/01/02 v5.9 Page Geometry
 (d:/texlive/2021/texmf-dist/tex/generic/iftex/ifvtex.sty
Package: ifvtex 2019/10/25 v1.7 ifvtex legacy package. Use iftex instead.
 (d:/texlive/2021/texmf-dist/tex/generic/iftex/iftex.sty
Package: iftex 2020/03/06 v1.0d TeX engine tests
))
\Gm@cnth=\count276
\Gm@cntv=\count277
\c@Gm@tempcnt=\count278
\Gm@bindingoffset=\dimen188
\Gm@wd@mp=\dimen189
\Gm@odd@mp=\dimen190
\Gm@even@mp=\dimen191
\Gm@layoutwidth=\dimen192
\Gm@layoutheight=\dimen193
\Gm@layouthoffset=\dimen194
\Gm@layoutvoffset=\dimen195
\Gm@dimlist=\toks23
) (d:/texlive/2021/texmf-dist/tex/latex/fancyhdr/fancyhdr.sty
Package: fancyhdr 2021/01/28 v4.0.1 Extensive control of page headers and footers
\f@nch@headwidth=\skip78
\f@nch@O@elh=\skip79
\f@nch@O@erh=\skip80
\f@nch@O@olh=\skip81
\f@nch@O@orh=\skip82
\f@nch@O@elf=\skip83
\f@nch@O@erf=\skip84
\f@nch@O@olf=\skip85
\f@nch@O@orf=\skip86
) (d:/texlive/2021/texmf-dist/tex/latex/extarrows/extarrows.sty
Package: extarrows 2020/03/12 v1.2.0 Some extensible arrows
 (d:/texlive/2021/texmf-dist/tex/latex/amsmath/amsmath.sty
Package: amsmath 2020/09/23 v2.17i AMS math features
\@mathmargin=\skip87

For additional information on amsmath, use the `?' option.
(d:/texlive/2021/texmf-dist/tex/latex/amsmath/amstext.sty
Package: amstext 2000/06/29 v2.01 AMS text
 (d:/texlive/2021/texmf-dist/tex/latex/amsmath/amsgen.sty
File: amsgen.sty 1999/11/30 v2.0 generic functions
\@emptytoks=\toks24
\ex@=\dimen196
)) (d:/texlive/2021/texmf-dist/tex/latex/amsmath/amsbsy.sty
Package: amsbsy 1999/11/29 v1.2d Bold Symbols
\pmbraise@=\dimen197
) (d:/texlive/2021/texmf-dist/tex/latex/amsmath/amsopn.sty
Package: amsopn 2016/03/08 v2.02 operator names
)
\inf@bad=\count279
LaTeX Info: Redefining \frac on input line 234.
\uproot@=\count280
\leftroot@=\count281
LaTeX Info: Redefining \overline on input line 399.
\classnum@=\count282
\DOTSCASE@=\count283
LaTeX Info: Redefining \ldots on input line 496.
LaTeX Info: Redefining \dots on input line 499.
LaTeX Info: Redefining \cdots on input line 620.
\Mathstrutbox@=\box64
\strutbox@=\box65
\big@size=\dimen198
LaTeX Font Info:    Redeclaring font encoding OML on input line 743.
LaTeX Font Info:    Redeclaring font encoding OMS on input line 744.
\macc@depth=\count284
\c@MaxMatrixCols=\count285
\dotsspace@=\muskip16
\c@parentequation=\count286
\dspbrk@lvl=\count287
\tag@help=\toks25
\row@=\count288
\column@=\count289
\maxfields@=\count290
\andhelp@=\toks26
\eqnshift@=\dimen199
\alignsep@=\dimen256
\tagshift@=\dimen257
\tagwidth@=\dimen258
\totwidth@=\dimen259
\lineht@=\dimen260
\@envbody=\toks27
\multlinegap=\skip88
\multlinetaggap=\skip89
\mathdisplay@stack=\toks28
LaTeX Info: Redefining \[ on input line 2923.
LaTeX Info: Redefining \] on input line 2924.
)) (d:/texlive/2021/texmf-dist/tex/latex/breqn/breqn.sty (d:/texlive/2021/texmf-dist/tex/latex/l3kernel/expl3.sty
Package: expl3 2021-02-18 L3 programming layer (loader) 
 (d:/texlive/2021/texmf-dist/tex/latex/l3backend/l3backend-pdftex.def
File: l3backend-pdftex.def 2021-03-18 L3 backend support: PDF output (pdfTeX)
\l__color_backend_stack_int=\count291
\l__pdf_internal_box=\box66
))
Package: breqn 2020/09/24 v0.98k Breaking equations
 (d:/texlive/2021/texmf-dist/tex/latex/breqn/flexisym.sty
Package: flexisym 2020/09/24 v0.98k Make math characters macros
LaTeX Info: Redefining \textprime on input line 299.
LaTeX Info: Redefining \not on input line 357.
 (d:/texlive/2021/texmf-dist/tex/latex/breqn/cmbase.sym
File: cmbase.sym 2007/12/19 v0.92
LaTeX Info: Redefining \hbar on input line 324.
LaTeX Info: Redefining \surd on input line 326.
LaTeX Info: Redefining \angle on input line 334.
LaTeX Info: Redefining \neq on input line 335.
LaTeX Info: Redefining \mapsto on input line 336.
LaTeX Info: Redefining \cong on input line 337.
LaTeX Info: Redefining \notin on input line 340.
LaTeX Info: Redefining \rightleftharpoons on input line 341.
LaTeX Info: Redefining \doteq on input line 342.
LaTeX Info: Redefining \hookrightarrow on input line 343.
LaTeX Info: Redefining \hookleftarrow on input line 344.
LaTeX Info: Redefining \bowtie on input line 345.
LaTeX Info: Redefining \models on input line 346.
LaTeX Info: Redefining \Longrightarrow on input line 347.
LaTeX Info: Redefining \longrightarrow on input line 348.
LaTeX Info: Redefining \Longleftarrow on input line 349.
LaTeX Info: Redefining \longleftarrow on input line 350.
LaTeX Info: Redefining \longmapsto on input line 351.
LaTeX Info: Redefining \longleftrightarrow on input line 352.
LaTeX Info: Redefining \Longleftrightarrow on input line 353.
LaTeX Info: Redefining \cdots on input line 357.
LaTeX Info: Redefining \vdots on input line 360.
LaTeX Info: Redefining \ddots on input line 365.
) (d:/texlive/2021/texmf-dist/tex/latex/breqn/mathstyle.sty
Package: mathstyle 2020/09/24 v0.98k Tracking mathstyle implicitly
LaTeX Info: Redefining \displaystyle on input line 95.
LaTeX Info: Redefining \textstyle on input line 97.
LaTeX Info: Redefining \scriptstyle on input line 99.
LaTeX Info: Redefining \scriptscriptstyle on input line 101.
LaTeX Info: Redefining \genfrac on input line 149.
))
\inf@bad=\count292
\maxint=\count293
\listwidth=\dimen261
\eqnumsep=\dimen262
\eqmargin=\dimen263
\eqlinespacing=\skip90
\eqlineskip=\skip91
\eqlineskiplimit=\dimen264
\eqbinoffset=\muskip17
\eqdelimoffset=\muskip18
\eqindentstep=\dimen265
\eqstyle=\toks29
\eqbreakdepth=\count294
\eqinterlinepenalty=\count295
\intereqpenalty=\count296
\intereqskip=\skip92
\prerelpenalty=\count297
\prebinoppenalty=\count298
\Dmedmuskip=\muskip19
\Dthickmuskip=\muskip20
\eqleftskip=\skip93
\eqrightskip=\skip94
\eq@vspan=\skip95
\eq@binoffset=\muskip21
\EQ@box=\box67
\EQ@copy=\box68
\EQ@numbox=\box69
\eq@wdNum=\dimen266
\GRP@numbox=\box70
\grp@wdNum=\dimen267
\eq@lines=\count299
\eq@curline=\count300
\eq@badness=\count301
\EQ@vims=\count302
\eq@dp=\dimen268
\eq@wdL=\dimen269
\eq@wdT=\dimen270
\eq@wdMin=\dimen271
\grp@wdL=\dimen272
\grp@wdR=\dimen273
\grp@wdT=\dimen274
\eq@wdRmax=\dimen275
\eq@firstht=\dimen276
\eq@wdCond=\dimen277
\eq@indentstep=\dimen278
\eq@linewidth=\dimen279
\grp@linewidth=\dimen280
\eq@hshift=\dimen281
\eq@given@sidespace=\dimen282
\mathindent=\dimen283
\eq@final@linecount=\count303
\eq@wdR=\dimen284
\EQ@continue=\toks30
\lr@level=\count304
\GRP@queue=\toks31
\GRP@box=\box71
\GRP@wholebox=\box72
\darraycolsep=\skip96
\cur@row=\count305
\cur@col=\count306
\conditionsep=\skip97
) (d:/texlive/2021/texmf-dist/tex/latex/hyperref/hyperref.sty
Package: hyperref 2021-02-27 v7.00k Hypertext links for LaTeX
 (d:/texlive/2021/texmf-dist/tex/generic/ltxcmds/ltxcmds.sty
Package: ltxcmds 2020-05-10 v1.25 LaTeX kernel commands for general use (HO)
) (d:/texlive/2021/texmf-dist/tex/generic/pdftexcmds/pdftexcmds.sty
Package: pdftexcmds 2020-06-27 v0.33 Utility functions of pdfTeX for LuaTeX (HO)
 (d:/texlive/2021/texmf-dist/tex/generic/infwarerr/infwarerr.sty
Package: infwarerr 2019/12/03 v1.5 Providing info/warning/error messages (HO)
)
Package pdftexcmds Info: \pdf@primitive is available.
Package pdftexcmds Info: \pdf@ifprimitive is available.
Package pdftexcmds Info: \pdfdraftmode found.
) (d:/texlive/2021/texmf-dist/tex/generic/kvsetkeys/kvsetkeys.sty
Package: kvsetkeys 2019/12/15 v1.18 Key value parser (HO)
) (d:/texlive/2021/texmf-dist/tex/generic/kvdefinekeys/kvdefinekeys.sty
Package: kvdefinekeys 2019-12-19 v1.6 Define keys (HO)
) (d:/texlive/2021/texmf-dist/tex/generic/pdfescape/pdfescape.sty
Package: pdfescape 2019/12/09 v1.15 Implements pdfTeX's escape features (HO)
) (d:/texlive/2021/texmf-dist/tex/latex/hycolor/hycolor.sty
Package: hycolor 2020-01-27 v1.10 Color options for hyperref/bookmark (HO)
) (d:/texlive/2021/texmf-dist/tex/latex/letltxmacro/letltxmacro.sty
Package: letltxmacro 2019/12/03 v1.6 Let assignment for LaTeX macros (HO)
) (d:/texlive/2021/texmf-dist/tex/latex/auxhook/auxhook.sty
Package: auxhook 2019-12-17 v1.6 Hooks for auxiliary files (HO)
) (d:/texlive/2021/texmf-dist/tex/latex/kvoptions/kvoptions.sty
Package: kvoptions 2020-10-07 v3.14 Key value format for package options (HO)
)
\@linkdim=\dimen285
\Hy@linkcounter=\count307
\Hy@pagecounter=\count308
 (d:/texlive/2021/texmf-dist/tex/latex/hyperref/pd1enc.def
File: pd1enc.def 2021-02-27 v7.00k Hyperref: PDFDocEncoding definition (HO)
Now handling font encoding PD1 ...
... no UTF-8 mapping file for font encoding PD1
) (d:/texlive/2021/texmf-dist/tex/latex/hyperref/hyperref-langpatches.def
File: hyperref-langpatches.def 2021-02-27 v7.00k Hyperref: patches for babel languages
) (d:/texlive/2021/texmf-dist/tex/generic/intcalc/intcalc.sty
Package: intcalc 2019/12/15 v1.3 Expandable calculations with integers (HO)
) (d:/texlive/2021/texmf-dist/tex/generic/etexcmds/etexcmds.sty
Package: etexcmds 2019/12/15 v1.7 Avoid name clashes with e-TeX commands (HO)
)
\Hy@SavedSpaceFactor=\count309
 (d:/texlive/2021/texmf-dist/tex/latex/hyperref/puenc.def
File: puenc.def 2021-02-27 v7.00k Hyperref: PDF Unicode definition (HO)
Now handling font encoding PU ...
... no UTF-8 mapping file for font encoding PU
)
Package hyperref Info: Option `colorlinks' set `true' on input line 4073.
Package hyperref Info: Hyper figures OFF on input line 4192.
Package hyperref Info: Link nesting OFF on input line 4197.
Package hyperref Info: Hyper index ON on input line 4200.
Package hyperref Info: Plain pages OFF on input line 4207.
Package hyperref Info: Backreferencing OFF on input line 4212.
Package hyperref Info: Implicit mode ON; LaTeX internals redefined.
Package hyperref Info: Bookmarks ON on input line 4445.
\c@Hy@tempcnt=\count310
 (d:/texlive/2021/texmf-dist/tex/latex/url/url.sty
\Urlmuskip=\muskip22
Package: url 2013/09/16  ver 3.4  Verb mode for urls, etc.
)
LaTeX Info: Redefining \url on input line 4804.
\XeTeXLinkMargin=\dimen286
 (d:/texlive/2021/texmf-dist/tex/generic/bitset/bitset.sty
Package: bitset 2019/12/09 v1.3 Handle bit-vector datatype (HO)
 (d:/texlive/2021/texmf-dist/tex/generic/bigintcalc/bigintcalc.sty
Package: bigintcalc 2019/12/15 v1.5 Expandable calculations on big integers (HO)
))
\Fld@menulength=\count311
\Field@Width=\dimen287
\Fld@charsize=\dimen288
Package hyperref Info: Hyper figures OFF on input line 6075.
Package hyperref Info: Link nesting OFF on input line 6080.
Package hyperref Info: Hyper index ON on input line 6083.
Package hyperref Info: backreferencing OFF on input line 6090.
Package hyperref Info: Link coloring ON on input line 6093.
Package hyperref Info: Link coloring with OCG OFF on input line 6100.
Package hyperref Info: PDF/A mode OFF on input line 6105.
LaTeX Info: Redefining \ref on input line 6145.
LaTeX Info: Redefining \pageref on input line 6149.
 (d:/texlive/2021/texmf-dist/tex/latex/base/atbegshi-ltx.sty
Package: atbegshi-ltx 2020/08/17 v1.0a Emulation of the original atbegshi package
with kernel methods
)
\Hy@abspage=\count312
\c@Item=\count313
\c@Hfootnote=\count314
)
Package hyperref Info: Driver (autodetected): hpdftex.
 (d:/texlive/2021/texmf-dist/tex/latex/hyperref/hpdftex.def
File: hpdftex.def 2021-02-27 v7.00k Hyperref driver for pdfTeX
 (d:/texlive/2021/texmf-dist/tex/latex/base/atveryend-ltx.sty
Package: atveryend-ltx 2020/08/19 v1.0a Emulation of the original atvery package
with kernel methods
)
\Fld@listcount=\count315
\c@bookmark@seq@number=\count316
 (d:/texlive/2021/texmf-dist/tex/latex/rerunfilecheck/rerunfilecheck.sty
Package: rerunfilecheck 2019/12/05 v1.9 Rerun checks for auxiliary files (HO)
 (d:/texlive/2021/texmf-dist/tex/generic/uniquecounter/uniquecounter.sty
Package: uniquecounter 2019/12/15 v1.4 Provide unlimited unique counter (HO)
)
Package uniquecounter Info: New unique counter `rerunfilecheck' on input line 286.
)
\Hy@SectionHShift=\skip98
) (d:/texlive/2021/texmf-dist/tex/latex/amsfonts/amssymb.sty
Package: amssymb 2013/01/14 v3.01 AMS font symbols
 (d:/texlive/2021/texmf-dist/tex/latex/amsfonts/amsfonts.sty
Package: amsfonts 2013/01/14 v3.01 Basic AMSFonts support
\symAMSa=\mathgroup4
\symAMSb=\mathgroup5
LaTeX Font Info:    Overwriting math alphabet `\mathfrak' in version `bold'
(Font)                  U/euf/m/n --> U/euf/b/n on input line 106.
)) (d:/texlive/2021/texmf-dist/tex/latex/xcolor/xcolor.sty
Package: xcolor 2016/05/11 v2.12 LaTeX color extensions (UK)
 (d:/texlive/2021/texmf-dist/tex/latex/graphics-cfg/color.cfg
File: color.cfg 2016/01/02 v1.6 sample color configuration
)
Package xcolor Info: Driver file: pdftex.def on input line 225.
 (d:/texlive/2021/texmf-dist/tex/latex/colortbl/colortbl.sty
Package: colortbl 2020/01/04 v1.0e Color table columns (DPC)
\everycr=\toks32
\minrowclearance=\skip99
)
LaTeX Info: Redefining \color on input line 709.
\rownum=\count317
Package xcolor Info: Model `cmy' substituted by `cmy0' on input line 1348.
Package xcolor Info: Model `hsb' substituted by `rgb' on input line 1352.
Package xcolor Info: Model `RGB' extended on input line 1364.
Package xcolor Info: Model `HTML' substituted by `rgb' on input line 1366.
Package xcolor Info: Model `Hsb' substituted by `hsb' on input line 1367.
Package xcolor Info: Model `tHsb' substituted by `hsb' on input line 1368.
Package xcolor Info: Model `HSB' substituted by `hsb' on input line 1369.
Package xcolor Info: Model `Gray' substituted by `gray' on input line 1370.
Package xcolor Info: Model `wave' substituted by `hsb' on input line 1371.
) (d:/texlive/2021/texmf-dist/tex/latex/tools/bm.sty
Package: bm 2019/07/24 v1.2d Bold Symbol Support (DPC/FMi)
\symboldoperators=\mathgroup6
\symboldletters=\mathgroup7
\symboldsymbols=\mathgroup8
LaTeX Font Info:    Redeclaring math alphabet \mathbf on input line 141.
LaTeX Info: Redefining \bm on input line 209.
) (d:/texlive/2021/texmf-dist/tex/latex/mathtools/mathtools.sty
Package: mathtools 2021/03/18 v1.25 mathematical typesetting tools
 (d:/texlive/2021/texmf-dist/tex/latex/mathtools/mhsetup.sty
Package: mhsetup 2021/03/18 v1.4 programming setup (MH)
)
LaTeX Info: Thecontrolsequence`\('isalreadyrobust on input line 130.
LaTeX Info: Thecontrolsequence`\)'isalreadyrobust on input line 130.
LaTeX Info: Thecontrolsequence`\['isalreadyrobust on input line 130.
LaTeX Info: Thecontrolsequence`\]'isalreadyrobust on input line 130.
\g_MT_multlinerow_int=\count318
\l_MT_multwidth_dim=\dimen289
\origjot=\skip100
\l_MT_shortvdotswithinadjustabove_dim=\dimen290
\l_MT_shortvdotswithinadjustbelow_dim=\dimen291
\l_MT_above_intertext_sep=\dimen292
\l_MT_below_intertext_sep=\dimen293
\l_MT_above_shortintertext_sep=\dimen294
\l_MT_below_shortintertext_sep=\dimen295
\xmathstrut@box=\box73
\xmathstrut@dim=\dimen296
) (d:/texlive/2021/texmf-dist/tex/generic/babel/babel.sty
Package: babel 2021/03/24 3.56 The Babel package
 (d:/texlive/2021/texmf-dist/tex/generic/babel/babel.def
File: babel.def 2021/03/24 3.56 Babel common definitions
\babel@savecnt=\count319
\U@D=\dimen297
\l@babelnohyphens=\language87
 (d:/texlive/2021/texmf-dist/tex/generic/babel/txtbabel.def)
\bbl@readstream=\read2
)
\bbl@dirlevel=\count320
 (d:/texlive/2021/texmf-dist/tex/generic/babel-english/english.ldf
Language: english 2017/06/06 v3.3r English support from the babel system
Package babel Info: \l@canadian = using hyphenrules for english
(babel)             (\language0) on input line 102.
Package babel Info: \l@australian = using hyphenrules for ukenglish
(babel)             (\language21) on input line 105.
Package babel Info: \l@newzealand = using hyphenrules for ukenglish
(babel)             (\language21) on input line 108.
)) (d:/texlive/2021/texmf-dist/tex/latex/natbib/natbib.sty
Package: natbib 2010/09/13 8.31b (PWD, AO)
\bibhang=\skip101
\bibsep=\skip102
LaTeX Info: Redefining \cite on input line 694.
\c@NAT@ctr=\count321
) (d:/texlive/2021/texmf-dist/tex/latex/base/inputenc.sty
Package: inputenc 2020/08/01 v1.3d Input encoding file
\inpenc@prehook=\toks33
\inpenc@posthook=\toks34
 (d:/texlive/2021/texmf-dist/tex/latex/ucs/utf8x.def
File: utf8x.def 2004/10/17 UCS: Input encoding UTF-8
)) (d:/texlive/2021/texmf-dist/tex/latex/ucs/ucs.sty
Package: ucs 2013/05/11 v2.2 UCS: Unicode input support
 (d:/texlive/2021/texmf-dist/tex/latex/ucs/data/uni-global.def
File: uni-global.def 2013/05/13 UCS: Unicode global data
)
\uc@secondtry=\count322
\uc@combtoks=\toks35
\uc@combtoksb=\toks36
\uc@temptokena=\toks37
) (d:/texlive/2021/texmf-dist/tex/latex/parskip/parskip.sty
Package: parskip 2021-03-14 v2.0h non-zero parskip adjustments
 (d:/texlive/2021/texmf-dist/tex/latex/etoolbox/etoolbox.sty
Package: etoolbox 2020/10/05 v2.5k e-TeX tools for LaTeX (JAW)
\etb@tempcnta=\count323
)) (d:/texlive/2021/texmf-dist/tex/latex/vmargin/vmargin.sty
Package: vmargin 2004/07/15 V2.5 set document margins (VK)

Package: vmargin 2004/07/15 V2.5 set document margins (VK)
\PaperWidth=\dimen298
\PaperHeight=\dimen299
) (d:/texlive/2021/texmf-dist/tex/latex/caption/caption.sty
Package: caption 2020/10/26 v3.5g Customizing captions (AR)
 (d:/texlive/2021/texmf-dist/tex/latex/caption/caption3.sty
Package: caption3 2020/10/21 v2.2e caption3 kernel (AR)
\captionmargin=\dimen300
\captionmargin@=\dimen301
\captionwidth=\dimen302
\caption@tempdima=\dimen303
\caption@indent=\dimen304
\caption@parindent=\dimen305
\caption@hangindent=\dimen306
Package caption Info: Standard document class detected.
)
\c@caption@flags=\count324
\c@continuedfloat=\count325
Package caption Info: float package is loaded.
Package caption Info: hyperref package is loaded.
Package caption Info: listings package is loaded.
) (d:/texlive/2021/texmf-dist/tex/latex/amscls/amsthm.sty
Package: amsthm 2020/05/29 v2.20.6
\thm@style=\toks38
\thm@bodyfont=\toks39
\thm@headfont=\toks40
\thm@notefont=\toks41
\thm@headpunct=\toks42
\thm@preskip=\skip103
\thm@postskip=\skip104
\thm@headsep=\skip105
\dth@everypar=\toks43
)) (d:/texlive/2021/texmf-dist/tex/latex/titlesec/titlesec.sty
Package: titlesec 2019/10/16 v2.13 Sectioning titles
\ttl@box=\box74
\beforetitleunit=\skip106
\aftertitleunit=\skip107
\ttl@plus=\dimen307
\ttl@minus=\dimen308
\ttl@toksa=\toks44
\titlewidth=\dimen309
\titlewidthlast=\dimen310
\titlewidthfirst=\dimen311
) (./final_report.aux

LaTeX Warning: Label `tab:result2' multiply defined.


LaTeX Warning: Label `pic:correct2' multiply defined.


LaTeX Warning: Label `pic:wrong2' multiply defined.


LaTeX Warning: Label `pic:vgg16' multiply defined.


LaTeX Warning: Label `tab:result3' multiply defined.


LaTeX Warning: Label `pic:confusion3' multiply defined.


LaTeX Warning: Label `pic:confusion4' multiply defined.

)
\openout1 = `final_report.aux'.

LaTeX Font Info:    Checking defaults for OML/cmm/m/it on input line 17.
LaTeX Font Info:    ... okay on input line 17.
LaTeX Font Info:    Checking defaults for OMS/cmsy/m/n on input line 17.
LaTeX Font Info:    ... okay on input line 17.
LaTeX Font Info:    Checking defaults for OT1/cmr/m/n on input line 17.
LaTeX Font Info:    ... okay on input line 17.
LaTeX Font Info:    Checking defaults for T1/cmr/m/n on input line 17.
LaTeX Font Info:    ... okay on input line 17.
LaTeX Font Info:    Checking defaults for TS1/cmr/m/n on input line 17.
LaTeX Font Info:    ... okay on input line 17.
LaTeX Font Info:    Checking defaults for OMX/cmex/m/n on input line 17.
LaTeX Font Info:    ... okay on input line 17.
LaTeX Font Info:    Checking defaults for U/cmr/m/n on input line 17.
LaTeX Font Info:    ... okay on input line 17.
LaTeX Font Info:    Checking defaults for PD1/pdf/m/n on input line 17.
LaTeX Font Info:    ... okay on input line 17.
LaTeX Font Info:    Checking defaults for PU/pdf/m/n on input line 17.
LaTeX Font Info:    ... okay on input line 17.
 (d:/texlive/2021/texmf-dist/tex/context/base/mkii/supp-pdf.mkii
[Loading MPS to PDF converter (version 2006.09.02).]
\scratchcounter=\count326
\scratchdimen=\dimen312
\scratchbox=\box75
\nofMPsegments=\count327
\nofMParguments=\count328
\everyMPshowfont=\toks45
\MPscratchCnt=\count329
\MPscratchDim=\dimen313
\MPnumerator=\count330
\makeMPintoPDFobject=\count331
\everyMPtoPDFconversion=\toks46
) (d:/texlive/2021/texmf-dist/tex/latex/epstopdf-pkg/epstopdf-base.sty
Package: epstopdf-base 2020-01-24 v2.11 Base part for package epstopdf
Package epstopdf-base Info: Redefining graphics rule for `.eps' on input line 485.
 (d:/texlive/2021/texmf-dist/tex/latex/latexconfig/epstopdf-sys.cfg
File: epstopdf-sys.cfg 2010/07/13 v1.3 Configuration of (r)epstopdf for TeX Live
))
\c@lstlisting=\count332

*geometry* driver: auto-detecting
*geometry* detected driver: pdftex
*geometry* verbose mode - [ preamble ] result:
* driver: pdftex
* paper: <default>
* layout: <same size as paper>
* layoutoffset:(h,v)=(0.0pt,0.0pt)
* modes: 
* h-part:(L,W,R)=(72.26999pt, 469.75502pt, 72.26999pt)
* v-part:(T,H,B)=(72.26999pt, 650.43001pt, 72.26999pt)
* \paperwidth=598.14806pt
* \paperheight=845.90042pt
* \textwidth=455.8843pt
* \textheight=675.18394pt
* \oddsidemargin=71.13188pt
* \evensidemargin=71.13188pt
* \topmargin=42.67912pt
* \headheight=28.45274pt
* \headsep=28.45274pt
* \topskip=11.0pt
* \footskip=28.45274pt
* \marginparwidth=59.0pt
* \marginparsep=10.0pt
* \columnsep=10.0pt
* \skip\footins=10.0pt plus 4.0pt minus 2.0pt
* \hoffset=-72.26999pt
* \voffset=-72.26999pt
* \mag=1000
* \@twocolumnfalse
* \@twosidefalse
* \@mparswitchfalse
* \@reversemarginfalse
* (1in=72.27pt=25.4mm, 1cm=28.453pt)

Package hyperref Info: Link coloring ON on input line 17.
(d:/texlive/2021/texmf-dist/tex/latex/hyperref/nameref.sty
Package: nameref 2021-04-02 v2.47 Cross-referencing by name of section
 (d:/texlive/2021/texmf-dist/tex/latex/refcount/refcount.sty
Package: refcount 2019/12/15 v3.6 Data extraction from label references (HO)
) (d:/texlive/2021/texmf-dist/tex/generic/gettitlestring/gettitlestring.sty
Package: gettitlestring 2019/12/15 v1.6 Cleanup title references (HO)
)
\c@section@level=\count333
)
LaTeX Info: Redefining \ref on input line 17.
LaTeX Info: Redefining \pageref on input line 17.
LaTeX Info: Redefining \nameref on input line 17.
 (./final_report.out) (./final_report.out)
\@outlinefile=\write3
\openout3 = `final_report.out'.

 (d:/texlive/2021/texmf-dist/tex/latex/ucs/ucsencs.def
File: ucsencs.def 2011/01/21 Fixes to fontencodings LGR, T3
)
Package caption Info: Begin \AtBeginDocument code.
Package caption Info: End \AtBeginDocument code.
<CUHK.png, id=140, 1284.8pt x 1016.79875pt>
File: CUHK.png Graphic file (type png)
<use CUHK.png>
Package pdftex.def Info: CUHK.png  used on input line 22.
(pdftex.def)             Requested size: 963.59766pt x 762.5972pt.
LaTeX Font Info:    Trying to load font information for U+msa on input line 38.
 (d:/texlive/2021/texmf-dist/tex/latex/amsfonts/umsa.fd
File: umsa.fd 2013/01/14 v3.01 AMS symbols A
)
LaTeX Font Info:    Trying to load font information for U+msb on input line 38.
 (d:/texlive/2021/texmf-dist/tex/latex/amsfonts/umsb.fd
File: umsb.fd 2013/01/14 v3.01 AMS symbols B
) [1



\providecommand \oddpage@label [2]{}


{d:/texlive/2021/texmf-var/fonts/map/pdftex/updmap/pdftex.map} <./CUHK.png>]pdfTeX warning (ext4): destination with the same identifier (name{page.1}) has been already used, duplicate ignored
<to be read again> 
                   \relax 
l.71 
      [1] (./final_report.toc)
\tf@toc=\write4
\openout4 = `final_report.toc'.

 [2]
<./figures/har1.png, id=199, 446.08658pt x 323.85994pt>
File: ./figures/har1.png Graphic file (type png)
<use ./figures/har1.png>
Package pdftex.def Info: ./figures/har1.png  used on input line 94.
(pdftex.def)             Requested size: 213.39566pt x 154.92719pt.
<./figures/har2.png, id=200, 447.71265pt x 322.7759pt>
File: ./figures/har2.png Graphic file (type png)
<use ./figures/har2.png>
Package pdftex.def Info: ./figures/har2.png  used on input line 100.
(pdftex.def)             Requested size: 213.39566pt x 153.84712pt.
<./figures/mtcnn1.png, id=204, 835.32076pt x 294.50024pt>
File: ./figures/mtcnn1.png Graphic file (type png)
<use ./figures/mtcnn1.png>
Package pdftex.def Info: ./figures/mtcnn1.png  used on input line 110.
(pdftex.def)             Requested size: 426.79134pt x 150.46724pt.
 [3 <./figures/har1.png> <./figures/har2.png>]
<./figures/facenet1.png, id=221, 401.0985pt x 78.2925pt>
File: ./figures/facenet1.png Graphic file (type png)
<use ./figures/facenet1.png>
Package pdftex.def Info: ./figures/facenet1.png  used on input line 129.
(pdftex.def)             Requested size: 213.39566pt x 41.6537pt.
<./figures/facenet2.png, id=222, 417.9615pt x 95.75775pt>
File: ./figures/facenet2.png Graphic file (type png)
<use ./figures/facenet2.png>
Package pdftex.def Info: ./figures/facenet2.png  used on input line 135.
(pdftex.def)             Requested size: 213.39566pt x 48.88986pt.
<./figures/facenetX.png, id=224, 744.98325pt x 351.11176pt>
File: ./figures/facenetX.png Graphic file (type png)
<use ./figures/facenetX.png>
Package pdftex.def Info: ./figures/facenetX.png  used on input line 143.
(pdftex.def)             Requested size: 398.33858pt x 187.73845pt.
 [4 <./figures/mtcnn1.png> <./figures/facenet1.png> <./figures/facenet2.png>]
<./figures/train_test.png, id=238, 897.41272pt x 519.89232pt>
File: ./figures/train_test.png Graphic file (type png)
<use ./figures/train_test.png>
Package pdftex.def Info: ./figures/train_test.png  used on input line 164.
(pdftex.def)             Requested size: 341.43306pt x 197.79912pt.
 [5 <./figures/facenetX.png>] [6 <./figures/train_test.png>] (d:/texlive/2021/texmf-dist/tex/latex/ucs/data/uni-0.def
File: uni-0.def 2013/05/13 UCS: Unicode data U+0000..U+00FF
)
<./figures/mtcnn2.png, id=257, 370.38374pt x 184.43906pt>
File: ./figures/mtcnn2.png Graphic file (type png)
<use ./figures/mtcnn2.png>
Package pdftex.def Info: ./figures/mtcnn2.png  used on input line 201.
(pdftex.def)             Requested size: 213.39566pt x 106.26552pt.
 (d:/texlive/2021/texmf-dist/tex/latex/ucs/data/uni-32.def
File: uni-32.def 2013/05/13 UCS: Unicode data U+2000..U+20FF
)
<./figures/mtcnn3.jpg, id=258, 407.27156pt x 226.59656pt>
File: ./figures/mtcnn3.jpg Graphic file (type jpg)
<use ./figures/mtcnn3.jpg>
Package pdftex.def Info: ./figures/mtcnn3.jpg  used on input line 207.
(pdftex.def)             Requested size: 213.39566pt x 118.72984pt.
 [7]
<./figures/mtcnn4.png, id=265, 416.30531pt x 283.81032pt>
File: ./figures/mtcnn4.png Graphic file (type png)
<use ./figures/mtcnn4.png>
Package pdftex.def Info: ./figures/mtcnn4.png  used on input line 216.
(pdftex.def)             Requested size: 341.43306pt x 232.77792pt.
 (d:/texlive/2021/texmf-dist/tex/latex/listings/lstlang1.sty
File: lstlang1.sty 2020/03/24 1.8d listings language file
) [8 <./figures/mtcnn2.png> <./figures/mtcnn3.jpg> <./figures/mtcnn4.png>]

Package xcolor Warning: Incompatible color definition on input line 230.


Package xcolor Warning: Incompatible color definition on input line 230.


Package xcolor Warning: Incompatible color definition on input line 230.


Package xcolor Warning: Incompatible color definition on input line 230.


Package xcolor Warning: Incompatible color definition on input line 230.


Package xcolor Warning: Incompatible color definition on input line 230.


Package xcolor Warning: Incompatible color definition on input line 230.


Package xcolor Warning: Incompatible color definition on input line 230.


Package xcolor Warning: Incompatible color definition on input line 230.


Package xcolor Warning: Incompatible color definition on input line 230.


Package xcolor Warning: Incompatible color definition on input line 230.


Package xcolor Warning: Incompatible color definition on input line 232.


Package xcolor Warning: Incompatible color definition on input line 232.


Package xcolor Warning: Incompatible color definition on input line 232.


Package xcolor Warning: Incompatible color definition on input line 233.


Package xcolor Warning: Incompatible color definition on input line 233.


Package xcolor Warning: Incompatible color definition on input line 233.


Package xcolor Warning: Incompatible color definition on input line 234.


Package xcolor Warning: Incompatible color definition on input line 234.


Package xcolor Warning: Incompatible color definition on input line 234.


Package xcolor Warning: Incompatible color definition on input line 235.


Package xcolor Warning: Incompatible color definition on input line 235.


Package xcolor Warning: Incompatible color definition on input line 235.


Package xcolor Warning: Incompatible color definition on input line 238.


Package xcolor Warning: Incompatible color definition on input line 238.


Package xcolor Warning: Incompatible color definition on input line 238.


Package xcolor Warning: Incompatible color definition on input line 239.


Package xcolor Warning: Incompatible color definition on input line 239.


Package xcolor Warning: Incompatible color definition on input line 239.


Package xcolor Warning: Incompatible color definition on input line 240.


Package xcolor Warning: Incompatible color definition on input line 240.


Package xcolor Warning: Incompatible color definition on input line 240.


Package xcolor Warning: Incompatible color definition on input line 241.


Package xcolor Warning: Incompatible color definition on input line 241.


Package xcolor Warning: Incompatible color definition on input line 241.


Package xcolor Warning: Incompatible color definition on input line 245.


Package xcolor Warning: Incompatible color definition on input line 245.


Package xcolor Warning: Incompatible color definition on input line 245.


Package xcolor Warning: Incompatible color definition on input line 247.


Package xcolor Warning: Incompatible color definition on input line 247.


Package xcolor Warning: Incompatible color definition on input line 247.


Package xcolor Warning: Incompatible color definition on input line 248.


Package xcolor Warning: Incompatible color definition on input line 248.


Package xcolor Warning: Incompatible color definition on input line 248.


Package xcolor Warning: Incompatible color definition on input line 248.


Package xcolor Warning: Incompatible color definition on input line 248.


Package xcolor Warning: Incompatible color definition on input line 248.


Package xcolor Warning: Incompatible color definition on input line 248.


Package xcolor Warning: Incompatible color definition on input line 248.


Package xcolor Warning: Incompatible color definition on input line 248.


Package xcolor Warning: Incompatible color definition on input line 250.


Package xcolor Warning: Incompatible color definition on input line 250.


Package xcolor Warning: Incompatible color definition on input line 250.


Package xcolor Warning: Incompatible color definition on input line 250.


Package xcolor Warning: Incompatible color definition on input line 250.


Package xcolor Warning: Incompatible color definition on input line 250.


Package xcolor Warning: Incompatible color definition on input line 250.


Package xcolor Warning: Incompatible color definition on input line 250.


Package xcolor Warning: Incompatible color definition on input line 250.


Package xcolor Warning: Incompatible color definition on input line 250.


Package xcolor Warning: Incompatible color definition on input line 250.

<./figures/cnn1.png, id=275, 1300.86pt x 361.35pt>
File: ./figures/cnn1.png Graphic file (type png)
<use ./figures/cnn1.png>
Package pdftex.def Info: ./figures/cnn1.png  used on input line 264.
(pdftex.def)             Requested size: 455.24828pt x 142.26578pt.
<./figures/correct.png, id=276, 810.68872pt x 783.4068pt>
File: ./figures/correct.png Graphic file (type png)
<use ./figures/correct.png>
Package pdftex.def Info: ./figures/correct.png  used on input line 278.
(pdftex.def)             Requested size: 204.85974pt x 197.96704pt.
<./figures/mislabeled.png, id=277, 807.34624pt x 795.42169pt>
File: ./figures/mislabeled.png Graphic file (type png)
<use ./figures/mislabeled.png>
Package pdftex.def Info: ./figures/mislabeled.png  used on input line 284.
(pdftex.def)             Requested size: 213.39566pt x 210.23956pt.
[9]
Underfull \hbox (badness 10000) in alignment at lines 308--308
[][][][][] 
 []

<./figures/cnn1_confusion_train.png, id=312, 752.69205pt x 555.7563pt>
File: ./figures/cnn1_confusion_train.png Graphic file (type png)
<use ./figures/cnn1_confusion_train.png>
Package pdftex.def Info: ./figures/cnn1_confusion_train.png  used on input line 317.
(pdftex.def)             Requested size: 213.39566pt x 157.56113pt.
<./figures/cnn1_confusion2.png, id=313, 736.06995pt x 568.94557pt>
File: ./figures/cnn1_confusion2.png Graphic file (type png)
<use ./figures/cnn1_confusion2.png>
Package pdftex.def Info: ./figures/cnn1_confusion2.png  used on input line 323.
(pdftex.def)             Requested size: 204.85974pt x 158.34003pt.

Overfull \hbox (15.2207pt too wide) in paragraph at lines 316--327
[][]  [] 
 []

[10 <./figures/cnn1.png> <./figures/correct.png> <./figures/mislabeled.png>]

Package xcolor Warning: Incompatible color definition on input line 335.


Package xcolor Warning: Incompatible color definition on input line 335.


Package xcolor Warning: Incompatible color definition on input line 335.


Package xcolor Warning: Incompatible color definition on input line 335.


Package xcolor Warning: Incompatible color definition on input line 335.


Package xcolor Warning: Incompatible color definition on input line 335.


Package xcolor Warning: Incompatible color definition on input line 335.


Package xcolor Warning: Incompatible color definition on input line 335.


Package xcolor Warning: Incompatible color definition on input line 335.


Package xcolor Warning: Incompatible color definition on input line 336.


Package xcolor Warning: Incompatible color definition on input line 336.


Package xcolor Warning: Incompatible color definition on input line 336.


Package xcolor Warning: Incompatible color definition on input line 341.


Package xcolor Warning: Incompatible color definition on input line 341.


Package xcolor Warning: Incompatible color definition on input line 341.


Package xcolor Warning: Incompatible color definition on input line 341.


Package xcolor Warning: Incompatible color definition on input line 341.


Package xcolor Warning: Incompatible color definition on input line 341.


Package xcolor Warning: Incompatible color definition on input line 341.


Package xcolor Warning: Incompatible color definition on input line 341.


Package xcolor Warning: Incompatible color definition on input line 341.


Package xcolor Warning: Incompatible color definition on input line 341.


Package xcolor Warning: Incompatible color definition on input line 341.


Package xcolor Warning: Incompatible color definition on input line 343.


Package xcolor Warning: Incompatible color definition on input line 343.


Package xcolor Warning: Incompatible color definition on input line 343.


Package xcolor Warning: Incompatible color definition on input line 344.


Package xcolor Warning: Incompatible color definition on input line 344.


Package xcolor Warning: Incompatible color definition on input line 344.


Package xcolor Warning: Incompatible color definition on input line 347.


Package xcolor Warning: Incompatible color definition on input line 347.


Package xcolor Warning: Incompatible color definition on input line 347.


Package xcolor Warning: Incompatible color definition on input line 348.


Package xcolor Warning: Incompatible color definition on input line 348.


Package xcolor Warning: Incompatible color definition on input line 348.


Package xcolor Warning: Incompatible color definition on input line 351.


Package xcolor Warning: Incompatible color definition on input line 351.


Package xcolor Warning: Incompatible color definition on input line 351.


Package xcolor Warning: Incompatible color definition on input line 352.


Package xcolor Warning: Incompatible color definition on input line 352.


Package xcolor Warning: Incompatible color definition on input line 352.


Package xcolor Warning: Incompatible color definition on input line 354.


Package xcolor Warning: Incompatible color definition on input line 354.


Package xcolor Warning: Incompatible color definition on input line 354.


Package xcolor Warning: Incompatible color definition on input line 357.


Package xcolor Warning: Incompatible color definition on input line 357.


Package xcolor Warning: Incompatible color definition on input line 357.


Package xcolor Warning: Incompatible color definition on input line 358.


Package xcolor Warning: Incompatible color definition on input line 358.


Package xcolor Warning: Incompatible color definition on input line 358.


Package xcolor Warning: Incompatible color definition on input line 358.


Package xcolor Warning: Incompatible color definition on input line 358.


Package xcolor Warning: Incompatible color definition on input line 358.


Package xcolor Warning: Incompatible color definition on input line 358.


Package xcolor Warning: Incompatible color definition on input line 358.


Package xcolor Warning: Incompatible color definition on input line 358.


Package xcolor Warning: Incompatible color definition on input line 360.


Package xcolor Warning: Incompatible color definition on input line 360.


Package xcolor Warning: Incompatible color definition on input line 360.


Package xcolor Warning: Incompatible color definition on input line 360.


Package xcolor Warning: Incompatible color definition on input line 360.


Package xcolor Warning: Incompatible color definition on input line 360.


Package xcolor Warning: Incompatible color definition on input line 360.


Package xcolor Warning: Incompatible color definition on input line 360.


Package xcolor Warning: Incompatible color definition on input line 360.


Package xcolor Warning: Incompatible color definition on input line 360.


Package xcolor Warning: Incompatible color definition on input line 360.

[11 <./figures/cnn1_confusion_train.png> <./figures/cnn1_confusion2.png>]
<./figures/cnn2.png, id=360, 1273.48773pt x 330.9966pt>
File: ./figures/cnn2.png Graphic file (type png)
<use ./figures/cnn2.png>
Package pdftex.def Info: ./figures/cnn2.png  used on input line 368.
(pdftex.def)             Requested size: 455.249pt x 142.26514pt.
<./figures/correct2.png, id=361, 806.17184pt x 801.11295pt>
File: ./figures/correct2.png Graphic file (type png)
<use ./figures/correct2.png>
Package pdftex.def Info: ./figures/correct2.png  used on input line 375.
(pdftex.def)             Requested size: 213.39566pt x 212.04944pt.
<./figures/mislabeled2.png, id=362, 783.13579pt x 782.32275pt>
File: ./figures/mislabeled2.png Graphic file (type png)
<use ./figures/mislabeled2.png>
Package pdftex.def Info: ./figures/mislabeled2.png  used on input line 381.
(pdftex.def)             Requested size: 213.39566pt x 213.17574pt.

Underfull \hbox (badness 10000) in alignment at lines 405--405
[][][][][] 
 []

<./figures/cnn2_confusion_train.png, id=365, 742.75493pt x 557.74373pt>
File: ./figures/cnn2_confusion_train.png Graphic file (type png)
<use ./figures/cnn2_confusion_train.png>
Package pdftex.def Info: ./figures/cnn2_confusion_train.png  used on input line 412.
(pdftex.def)             Requested size: 204.85974pt x 153.8268pt.
<./figures/cnn2_confusion.png, id=366, 738.50906pt x 559.91182pt>
File: ./figures/cnn2_confusion.png Graphic file (type png)
<use ./figures/cnn2_confusion.png>
Package pdftex.def Info: ./figures/cnn2_confusion.png  used on input line 418.
(pdftex.def)             Requested size: 204.85974pt x 155.3133pt.

Overfull \hbox (15.2207pt too wide) in paragraph at lines 411--422
[][]  [] 
 []

[12 <./figures/cnn2.png> <./figures/correct2.png> <./figures/mislabeled2.png>]
<./figures/alexnet1.png, id=378, 767.86874pt x 418.56375pt>
File: ./figures/alexnet1.png Graphic file (type png)
<use ./figures/alexnet1.png>
Package pdftex.def Info: ./figures/alexnet1.png  used on input line 435.
(pdftex.def)             Requested size: 341.43306pt x 186.11658pt.
 [13 <./figures/cnn2_confusion_train.png> <./figures/cnn2_confusion.png>]

Package xcolor Warning: Incompatible color definition on input line 443.


Package xcolor Warning: Incompatible color definition on input line 443.


Package xcolor Warning: Incompatible color definition on input line 443.


Package xcolor Warning: Incompatible color definition on input line 445.


Package xcolor Warning: Incompatible color definition on input line 445.


Package xcolor Warning: Incompatible color definition on input line 445.


Package xcolor Warning: Incompatible color definition on input line 448.


Package xcolor Warning: Incompatible color definition on input line 448.


Package xcolor Warning: Incompatible color definition on input line 448.


Package xcolor Warning: Incompatible color definition on input line 448.


Package xcolor Warning: Incompatible color definition on input line 448.


Package xcolor Warning: Incompatible color definition on input line 448.


Package xcolor Warning: Incompatible color definition on input line 451.


Package xcolor Warning: Incompatible color definition on input line 451.


Package xcolor Warning: Incompatible color definition on input line 451.


Package xcolor Warning: Incompatible color definition on input line 451.


Package xcolor Warning: Incompatible color definition on input line 451.


Package xcolor Warning: Incompatible color definition on input line 451.


Package xcolor Warning: Incompatible color definition on input line 453.


Package xcolor Warning: Incompatible color definition on input line 453.


Package xcolor Warning: Incompatible color definition on input line 453.


Package xcolor Warning: Incompatible color definition on input line 453.


Package xcolor Warning: Incompatible color definition on input line 453.


Package xcolor Warning: Incompatible color definition on input line 453.


Package xcolor Warning: Incompatible color definition on input line 455.


Package xcolor Warning: Incompatible color definition on input line 455.


Package xcolor Warning: Incompatible color definition on input line 455.


Package xcolor Warning: Incompatible color definition on input line 455.


Package xcolor Warning: Incompatible color definition on input line 455.


Package xcolor Warning: Incompatible color definition on input line 455.


Package xcolor Warning: Incompatible color definition on input line 459.


Package xcolor Warning: Incompatible color definition on input line 459.


Package xcolor Warning: Incompatible color definition on input line 459.


Package xcolor Warning: Incompatible color definition on input line 461.


Package xcolor Warning: Incompatible color definition on input line 461.


Package xcolor Warning: Incompatible color definition on input line 461.


Package xcolor Warning: Incompatible color definition on input line 463.


Package xcolor Warning: Incompatible color definition on input line 463.


Package xcolor Warning: Incompatible color definition on input line 463.


Package xcolor Warning: Incompatible color definition on input line 465.


Package xcolor Warning: Incompatible color definition on input line 465.


Package xcolor Warning: Incompatible color definition on input line 465.


Package xcolor Warning: Incompatible color definition on input line 465.


Package xcolor Warning: Incompatible color definition on input line 465.


Package xcolor Warning: Incompatible color definition on input line 465.

[14 <./figures/alexnet1.png>]
<./figures/Alexnet2.jpg, id=420, 983.675pt x 259.97125pt>
File: ./figures/Alexnet2.jpg Graphic file (type jpg)
<use ./figures/Alexnet2.jpg>
Package pdftex.def Info: ./figures/Alexnet2.jpg  used on input line 477.
(pdftex.def)             Requested size: 455.24277pt x 142.26266pt.

Underfull \hbox (badness 10000) in alignment at lines 504--504
[][][][][] 
 []

<./figures/VGG16.png, id=422, 853.1875pt x 542.025pt>
File: ./figures/VGG16.png Graphic file (type png)
<use ./figures/VGG16.png>
Package pdftex.def Info: ./figures/VGG16.png  used on input line 516.
(pdftex.def)             Requested size: 341.43306pt x 216.91367pt.
[15 <./figures/Alexnet2.jpg> <./figures/VGG16.png (PNG copy)>]

Package xcolor Warning: Incompatible color definition on input line 529.


Package xcolor Warning: Incompatible color definition on input line 529.


Package xcolor Warning: Incompatible color definition on input line 529.


Package xcolor Warning: Incompatible color definition on input line 533.


Package xcolor Warning: Incompatible color definition on input line 533.


Package xcolor Warning: Incompatible color definition on input line 533.


Package xcolor Warning: Incompatible color definition on input line 534.


Package xcolor Warning: Incompatible color definition on input line 534.


Package xcolor Warning: Incompatible color definition on input line 534.


Package xcolor Warning: Incompatible color definition on input line 535.


Package xcolor Warning: Incompatible color definition on input line 535.


Package xcolor Warning: Incompatible color definition on input line 535.


Package xcolor Warning: Incompatible color definition on input line 536.


Package xcolor Warning: Incompatible color definition on input line 536.


Package xcolor Warning: Incompatible color definition on input line 536.


Package xcolor Warning: Incompatible color definition on input line 538.


Package xcolor Warning: Incompatible color definition on input line 538.


Package xcolor Warning: Incompatible color definition on input line 538.


Package xcolor Warning: Incompatible color definition on input line 538.


Package xcolor Warning: Incompatible color definition on input line 538.


Package xcolor Warning: Incompatible color definition on input line 538.


Package xcolor Warning: Incompatible color definition on input line 538.


Package xcolor Warning: Incompatible color definition on input line 538.


Package xcolor Warning: Incompatible color definition on input line 538.

<./figures/vgg-acc.jpg, id=433, 1012.78375pt x 373.395pt>
File: ./figures/vgg-acc.jpg Graphic file (type jpg)
<use ./figures/vgg-acc.jpg>
Package pdftex.def Info: ./figures/vgg-acc.jpg  used on input line 546.
(pdftex.def)             Requested size: 455.2385pt x 142.26192pt.

Underfull \hbox (badness 10000) in alignment at lines 571--571
[][][][][] 
 []

[16 <./figures/vgg-acc.jpg>]

LaTeX Warning: Command \textendash invalid in math mode on input line 580.

<./figures/ResNet.png, id=459, 1127.21124pt x 488.82625pt>
File: ./figures/ResNet.png Graphic file (type png)
<use ./figures/ResNet.png>
Package pdftex.def Info: ./figures/ResNet.png  used on input line 586.
(pdftex.def)             Requested size: 341.43306pt x 148.06618pt.

Package xcolor Warning: Incompatible color definition on input line 595.


Package xcolor Warning: Incompatible color definition on input line 595.


Package xcolor Warning: Incompatible color definition on input line 595.


Package xcolor Warning: Incompatible color definition on input line 599.


Package xcolor Warning: Incompatible color definition on input line 599.


Package xcolor Warning: Incompatible color definition on input line 599.


Package xcolor Warning: Incompatible color definition on input line 600.


Package xcolor Warning: Incompatible color definition on input line 600.


Package xcolor Warning: Incompatible color definition on input line 600.


Package xcolor Warning: Incompatible color definition on input line 601.


Package xcolor Warning: Incompatible color definition on input line 601.


Package xcolor Warning: Incompatible color definition on input line 601.


Package xcolor Warning: Incompatible color definition on input line 602.


Package xcolor Warning: Incompatible color definition on input line 602.


Package xcolor Warning: Incompatible color definition on input line 602.


Package xcolor Warning: Incompatible color definition on input line 603.


Package xcolor Warning: Incompatible color definition on input line 603.


Package xcolor Warning: Incompatible color definition on input line 603.


Package xcolor Warning: Incompatible color definition on input line 605.


Package xcolor Warning: Incompatible color definition on input line 605.


Package xcolor Warning: Incompatible color definition on input line 605.


Package xcolor Warning: Incompatible color definition on input line 605.


Package xcolor Warning: Incompatible color definition on input line 605.


Package xcolor Warning: Incompatible color definition on input line 605.


Package xcolor Warning: Incompatible color definition on input line 605.


Package xcolor Warning: Incompatible color definition on input line 605.


Package xcolor Warning: Incompatible color definition on input line 605.

[17 <./figures/ResNet.png>]
<./figures/res1.jpg, id=481, 893.3375pt x 462.72874pt>
File: ./figures/res1.jpg Graphic file (type jpg)
<use ./figures/res1.jpg>
Package pdftex.def Info: ./figures/res1.jpg  used on input line 614.
(pdftex.def)             Requested size: 227.61403pt x 142.26529pt.

Overfull \hbox (13.34787pt too wide) in paragraph at lines 614--615
 [][] 
 []

<./figures/res2.jpg, id=482, 865.2325pt x 483.8075pt>
File: ./figures/res2.jpg Graphic file (type jpg)
<use ./figures/res2.jpg>
Package pdftex.def Info: ./figures/res2.jpg  used on input line 620.
(pdftex.def)             Requested size: 227.62202pt x 142.26427pt.

Overfull \hbox (13.35587pt too wide) in paragraph at lines 620--621
 [][] 
 []


Underfull \hbox (badness 10000) in alignment at lines 647--647
[][][][][] 
 []

<./figures/inception.png, id=484, 1793.70125pt x 763.85374pt>
File: ./figures/inception.png Graphic file (type png)
<use ./figures/inception.png>
Package pdftex.def Info: ./figures/inception.png  used on input line 665.
(pdftex.def)             Requested size: 341.43306pt x 145.39014pt.
[18 <./figures/res1.jpg> <./figures/res2.jpg>]

Package xcolor Warning: Incompatible color definition on input line 674.


Package xcolor Warning: Incompatible color definition on input line 674.


Package xcolor Warning: Incompatible color definition on input line 674.


Package xcolor Warning: Incompatible color definition on input line 678.


Package xcolor Warning: Incompatible color definition on input line 678.


Package xcolor Warning: Incompatible color definition on input line 678.


Package xcolor Warning: Incompatible color definition on input line 679.


Package xcolor Warning: Incompatible color definition on input line 679.


Package xcolor Warning: Incompatible color definition on input line 679.


Package xcolor Warning: Incompatible color definition on input line 680.


Package xcolor Warning: Incompatible color definition on input line 680.


Package xcolor Warning: Incompatible color definition on input line 680.


Package xcolor Warning: Incompatible color definition on input line 681.


Package xcolor Warning: Incompatible color definition on input line 681.


Package xcolor Warning: Incompatible color definition on input line 681.


Package xcolor Warning: Incompatible color definition on input line 682.


Package xcolor Warning: Incompatible color definition on input line 682.


Package xcolor Warning: Incompatible color definition on input line 682.


Package xcolor Warning: Incompatible color definition on input line 684.


Package xcolor Warning: Incompatible color definition on input line 684.


Package xcolor Warning: Incompatible color definition on input line 684.


Package xcolor Warning: Incompatible color definition on input line 684.


Package xcolor Warning: Incompatible color definition on input line 684.


Package xcolor Warning: Incompatible color definition on input line 684.


Package xcolor Warning: Incompatible color definition on input line 684.


Package xcolor Warning: Incompatible color definition on input line 684.


Package xcolor Warning: Incompatible color definition on input line 684.

<./figures/inc-acc.jpg, id=495, 1165.35374pt x 293.095pt>
File: ./figures/inc-acc.jpg Graphic file (type jpg)
<use ./figures/inc-acc.jpg>
Package pdftex.def Info: ./figures/inc-acc.jpg  used on input line 692.
(pdftex.def)             Requested size: 455.23297pt x 142.2627pt.

Underfull \hbox (badness 10000) in alignment at lines 717--717
[][][][][] 
 []

[19 <./figures/inception.png> <./figures/inc-acc.jpg>]
<./figures/facenet3.png, id=521, 377.15906pt x 260.47313pt>
File: ./figures/facenet3.png Graphic file (type png)
<use ./figures/facenet3.png>
Package pdftex.def Info: ./figures/facenet3.png  used on input line 730.
(pdftex.def)             Requested size: 227.62204pt x 157.1992pt.
<./figures/facenet4.png, id=523, 416.30531pt x 304.13625pt>
File: ./figures/facenet4.png Graphic file (type png)
<use ./figures/facenet4.png>
Package pdftex.def Info: ./figures/facenet4.png  used on input line 738.
(pdftex.def)             Requested size: 227.62204pt x 166.29161pt.
 [20 <./figures/facenet3.png>]
Overfull \hbox (1.42444pt too wide) in alignment at lines 767--767
[][][][][][] 
 []

<./figures/svm_star_confusion_train.png, id=532, 506.6428pt x 377.15906pt>
File: ./figures/svm_star_confusion_train.png Graphic file (type png)
<use ./figures/svm_star_confusion_train.png>
Package pdftex.def Info: ./figures/svm_star_confusion_train.png  used on input line 775.
(pdftex.def)             Requested size: 204.85974pt x 152.50111pt.
<./figures/svm_star_confusion_test.png, id=533, 508.14844pt x 381.67593pt>
File: ./figures/svm_star_confusion_test.png Graphic file (type png)
<use ./figures/svm_star_confusion_test.png>
Package pdftex.def Info: ./figures/svm_star_confusion_test.png  used on input line 781.
(pdftex.def)             Requested size: 204.85974pt x 153.87321pt.

Overfull \hbox (15.2207pt too wide) in paragraph at lines 774--785
[][]  [] 
 []

[21 <./figures/facenet4.png> <./figures/svm_star_confusion_train.png> <./figures/svm_star_confusion_test.png>]

Package caption Warning: The option `hypcap=true' will be ignored for this
(caption)                particular \caption on input line 813.
See the caption package documentation for explanation.

[22] [23] (./final_report.bbl) [24] (./final_report.aux)

LaTeX Warning: There were multiply-defined labels.

Package rerunfilecheck Info: File `final_report.out' has not changed.
(rerunfilecheck)             Checksum: 18E8B5B7AA84CC32308D9B174A26F3B0;5586.
 ) 
Here is how much of TeX's memory you used:
 19545 strings out of 478994
 283008 string characters out of 5862208
 1079712 words of memory out of 5000000
 36441 multiletter control sequences out of 15000+600000
 420347 words of font info for 87 fonts, out of 8000000 for 9000
 1141 hyphenation exceptions out of 8191
 89i,16n,94p,1197b,2132s stack positions out of 5000i,500n,10000p,200000b,80000s
{d:/texlive/2021/texmf-dist/fonts/enc/dvips/cm-super/cm-super-ts1.enc}<d:/texlive/2021/texmf-dist/fonts/type1/public/amsfonts/cm/cmbx10.pfb><d:/texlive/2021/texmf-dist/fonts/type1/public/amsfonts/cm/cmbx12.pfb><d:/texlive/2021/texmf-dist/fonts/type1/public/amsfonts/cm/cmbx9.pfb><d:/texlive/2021/texmf-dist/fonts/type1/public/amsfonts/cm/cmcsc10.pfb><d:/texlive/2021/texmf-dist/fonts/type1/public/amsfonts/cm/cmex10.pfb><d:/texlive/2021/texmf-dist/fonts/type1/public/amsfonts/cm/cmmi10.pfb><d:/texlive/2021/texmf-dist/fonts/type1/public/amsfonts/cm/cmmi8.pfb><d:/texlive/2021/texmf-dist/fonts/type1/public/amsfonts/cm/cmr10.pfb><d:/texlive/2021/texmf-dist/fonts/type1/public/amsfonts/cm/cmr12.pfb><d:/texlive/2021/texmf-dist/fonts/type1/public/amsfonts/cm/cmr6.pfb><d:/texlive/2021/texmf-dist/fonts/type1/public/amsfonts/cm/cmr8.pfb><d:/texlive/2021/texmf-dist/fonts/type1/public/amsfonts/cm/cmr9.pfb><d:/texlive/2021/texmf-dist/fonts/type1/public/amsfonts/cm/cmsy10.pfb><d:/texlive/2021/texmf-dist/fonts/type1/public/amsfonts/cm/cmti10.pfb><d:/texlive/2021/texmf-dist/fonts/type1/public/amsfonts/cm/cmti12.pfb><d:/texlive/2021/texmf-dist/fonts/type1/public/cm-super/sfrm0800.pfb><d:/texlive/2021/texmf-dist/fonts/type1/public/cm-super/sfrm1095.pfb>
Output written on final_report.pdf (25 pages, 29059448 bytes).
PDF statistics:
 665 PDF objects out of 1000 (max. 8388607)
 549 compressed objects within 6 object streams
 222 named destinations out of 1000 (max. 500000)
 443 words of extra memory for PDF output out of 10000 (max. 10000000)

