\BOOKMARK [1][-]{section.1}{\376\377\000I\000n\000t\000r\000o\000d\000u\000c\000t\000i\000o\000n}{}% 1
\BOOKMARK [2][-]{subsection.1.1}{\376\377\000F\000a\000c\000e\000\040\000D\000e\000t\000e\000c\000t\000i\000o\000n}{section.1}% 2
\BOOKMARK [3][-]{subsubsection.1.1.1}{\376\377\000H\000a\000a\000r\000\040\000C\000a\000s\000c\000a\000d\000e\000d\000\040\000C\000l\000a\000s\000s\000i\000f\000i\000e\000r}{subsection.1.1}% 3
\BOOKMARK [3][-]{subsubsection.1.1.2}{\376\377\000M\000u\000l\000t\000i\000-\000t\000a\000s\000k\000\040\000C\000a\000s\000c\000a\000d\000e\000d\000\040\000C\000o\000n\000v\000o\000l\000u\000t\000i\000o\000n\000a\000l\000\040\000N\000e\000t\000w\000o\000r\000k\000s}{subsection.1.1}% 4
\BOOKMARK [2][-]{subsection.1.2}{\376\377\000F\000a\000c\000e\000\040\000R\000e\000c\000o\000g\000n\000i\000t\000i\000o\000n}{section.1}% 5
\BOOKMARK [3][-]{subsubsection.1.2.1}{\376\377\000F\000e\000a\000t\000u\000r\000e\000\040\000E\000x\000t\000r\000a\000c\000t\000i\000o\000n}{subsection.1.2}% 6
\BOOKMARK [4][-]{paragraph.1.2.1.1}{\376\377\000C\000o\000n\000v\000o\000l\000u\000t\000i\000o\000n\000a\000l\000\040\000N\000e\000u\000r\000a\000l\000\040\000N\000e\000t\000w\000o\000r\000k\000s}{subsubsection.1.2.1}% 7
\BOOKMARK [4][-]{paragraph.1.2.1.2}{\376\377\000F\000a\000c\000e\000N\000e\000t}{subsubsection.1.2.1}% 8
\BOOKMARK [3][-]{subsubsection.1.2.2}{\376\377\000C\000l\000a\000s\000s\000i\000f\000i\000e\000r\000s}{subsection.1.2}% 9
\BOOKMARK [1][-]{section.2}{\376\377\000M\000a\000t\000e\000r\000i\000a\000l\000s\000\040\000a\000n\000d\000\040\000M\000e\000t\000h\000o\000d\000s}{}% 10
\BOOKMARK [2][-]{subsection.2.1}{\376\377\000D\000a\000t\000a\000\040\000D\000e\000s\000c\000r\000i\000p\000t\000i\000o\000n}{section.2}% 11
\BOOKMARK [2][-]{subsection.2.2}{\376\377\000D\000a\000t\000a\000\040\000P\000r\000e\000p\000r\000o\000c\000e\000s\000s\000i\000n\000g}{section.2}% 12
\BOOKMARK [3][-]{subsubsection.2.2.1}{\376\377\000T\000r\000a\000i\000n\000-\000T\000e\000s\000t\000\040\000S\000p\000l\000i\000t}{subsection.2.2}% 13
\BOOKMARK [3][-]{subsubsection.2.2.2}{\376\377\000I\000m\000a\000g\000e\000\040\000P\000r\000o\000c\000e\000s\000s\000i\000n\000g}{subsection.2.2}% 14
\BOOKMARK [3][-]{subsubsection.2.2.3}{\376\377\000O\000n\000e\000-\000H\000o\000t\000\040\000E\000n\000c\000o\000d\000i\000n\000g}{subsection.2.2}% 15
\BOOKMARK [2][-]{subsection.2.3}{\376\377\000M\000o\000d\000e\000l\000s\000\040\000U\000s\000e\000d}{section.2}% 16
\BOOKMARK [1][-]{section.3}{\376\377\000M\000o\000d\000e\000l\000\040\000C\000o\000n\000s\000t\000r\000u\000c\000t\000i\000o\000n\000\040\000a\000n\000d\000\040\000R\000e\000s\000u\000l\000t\000s}{}% 17
\BOOKMARK [2][-]{subsection.3.1}{\376\377\000F\000a\000c\000e\000\040\000D\000e\000t\000e\000c\000t\000i\000o\000n\000\040\000w\000i\000t\000h\000\040\000M\000T\000C\000N\000N}{section.3}% 18
\BOOKMARK [2][-]{subsection.3.2}{\376\377\000F\000e\000a\000t\000u\000r\000e\000\040\000E\000x\000t\000r\000a\000c\000t\000i\000o\000n\000\040\000a\000n\000d\000\040\000C\000l\000a\000s\000s\000i\000f\000i\000c\000a\000t\000i\000o\000n}{section.3}% 19
\BOOKMARK [3][-]{subsubsection.3.2.1}{\376\377\000C\000o\000n\000v\000o\000l\000u\000t\000i\000o\000n\000a\000l\000\040\000N\000e\000u\000r\000a\000l\000\040\000N\000e\000t\000w\000o\000r\000k\000s}{subsection.3.2}% 20
\BOOKMARK [4][-]{paragraph.3.2.1.1}{\376\377\000M\000o\000d\000e\000l\000\040\0001}{subsubsection.3.2.1}% 21
\BOOKMARK [4][-]{paragraph.3.2.1.2}{\376\377\000M\000o\000d\000e\000l\000\040\0002}{subsubsection.3.2.1}% 22
\BOOKMARK [3][-]{subsubsection.3.2.2}{\376\377\000C\000l\000a\000s\000s\000i\000c\000a\000l\000\040\000C\000N\000N\000\040\000A\000r\000c\000h\000i\000t\000e\000c\000t\000u\000r\000e\000s}{subsection.3.2}% 23
\BOOKMARK [4][-]{paragraph.3.2.2.1}{\376\377\000A\000l\000e\000x\000N\000e\000t\000\040\000A\000r\000c\000h\000i\000t\000e\000c\000t\000u\000r\000e}{subsubsection.3.2.2}% 24
\BOOKMARK [4][-]{paragraph.3.2.2.2}{\376\377\000V\000G\000G\0001\0006\000\040\000A\000r\000c\000h\000i\000t\000e\000c\000t\000u\000r\000e}{subsubsection.3.2.2}% 25
\BOOKMARK [4][-]{paragraph.3.2.2.3}{\376\377\000R\000e\000s\000N\000e\000t\000\040\000A\000r\000c\000h\000i\000t\000e\000c\000t\000u\000r\000e}{subsubsection.3.2.2}% 26
\BOOKMARK [4][-]{paragraph.3.2.2.4}{\376\377\000I\000n\000c\000e\000p\000t\000i\000o\000n\000\040\000N\000e\000t\000w\000o\000r\000k\000\040\000A\000r\000c\000h\000i\000t\000e\000c\000t\000u\000r\000e}{subsubsection.3.2.2}% 27
\BOOKMARK [3][-]{subsubsection.3.2.3}{\376\377\000F\000a\000c\000e\000N\000e\000t}{subsection.3.2}% 28
\BOOKMARK [4][-]{paragraph.3.2.3.1}{\376\377\000F\000e\000a\000t\000u\000r\000e\000\040\000E\000x\000t\000r\000a\000c\000t\000i\000o\000n\000\040\000b\000y\000\040\000F\000a\000c\000e\000N\000e\000t}{subsubsection.3.2.3}% 29
\BOOKMARK [4][-]{paragraph.3.2.3.2}{\376\377\000C\000l\000a\000s\000s\000i\000f\000i\000c\000a\000t\000i\000o\000n\000\040\000b\000y\000\040\000S\000V\000M\000/\000M\000L\000P}{subsubsection.3.2.3}% 30
\BOOKMARK [1][-]{section.4}{\376\377\000D\000i\000s\000c\000u\000s\000s\000i\000o\000n}{}% 31
\BOOKMARK [2][-]{subsection.4.1}{\376\377\000P\000e\000r\000f\000o\000r\000m\000a\000n\000c\000e\000\040\000S\000u\000m\000m\000a\000r\000y}{section.4}% 32
\BOOKMARK [2][-]{subsection.4.2}{\376\377\000I\000m\000p\000r\000o\000v\000e\000m\000e\000n\000t\000s\000\040\000a\000n\000d\000\040\000A\000p\000p\000l\000i\000c\000a\000t\000i\000o\000n\000s}{section.4}% 33
\BOOKMARK [1][-]{section.5}{\376\377\000C\000o\000n\000c\000l\000u\000s\000i\000o\000n}{}% 34
